#
# There is insufficient memory for the Java Runtime Environment to continue.
# Native memory allocation (malloc) failed to allocate 2458736 bytes for Chunk::new
# Possible reasons:
#   The system is out of physical RAM or swap space
#   The process is running with CompressedOops enabled, and the Java Heap may be blocking the growth of the native heap
# Possible solutions:
#   Reduce memory load on the system
#   Increase physical memory or swap space
#   Check if swap backing store is full
#   Decrease Java heap size (-Xmx/-Xms)
#   Decrease number of Java threads
#   Decrease Java thread stack sizes (-Xss)
#   Set larger code cache with -XX:ReservedCodeCacheSize=
#   JVM is running with Zero Based Compressed Oops mode in which the Java heap is
#     placed in the first 32GB address space. The Java Heap base address is the
#     maximum limit for the native heap growth. Please use -XX:HeapBaseMinAddress
#     to set the Java Heap base and to place the Java Heap above 32GB virtual address.
# This output file may be truncated or incomplete.
#
#  Out of Memory Error (arena.cpp:189), pid=7560, tid=18960
#
# JRE version: Java(TM) SE Runtime Environment (17.0.7+8) (build 17.0.7+8-LTS-224)
# Java VM: Java HotSpot(TM) 64-Bit Server VM (17.0.7+8-LTS-224, mixed mode, sharing, tiered, compressed oops, compressed class ptrs, g1 gc, windows-amd64)
# No core dump will be written. Minidumps are not enabled by default on client versions of Windows
#

---------------  S U M M A R Y ------------

Command Line: -ea -Didea.test.cyclic.buffer.size=1048576 -javaagent:C:\Program Files\JetBrains\IntelliJ IDEA 2021.2.3\lib\idea_rt.jar=62772:C:\Program Files\JetBrains\IntelliJ IDEA 2021.2.3\bin -Dfile.encoding=UTF-8 com.intellij.rt.junit.JUnitStarter -ideVersion5 -junit5 @w@C:\Users\ouit0196-a\AppData\Local\Temp\idea_working_dirs_junit.tmp @C:\Users\ouit0196-a\AppData\Local\Temp\idea_junit.tmp -socket62771

Host: 11th Gen Intel(R) Core(TM) i7-1185G7 @ 3.00GHz, 8 cores, 15G,  Windows 10 , 64 bit Build 19041 (10.0.19041.5072)
Time: Thu Dec  5 11:15:40 2024 GMT Standard Time elapsed time: 22.936101 seconds (0d 0h 0m 22s)

---------------  T H R E A D  ---------------

Current thread (0x00000249078a3010):  JavaThread "C2 CompilerThread2" daemon [_thread_in_native, id=18960, stack(0x000000ab99b00000,0x000000ab99c00000)]


Current CompileTask:
C2:  22936 9990       4       org.springframework.aop.aspectj.AspectJExpressionPointcut::matches (69 bytes)

Stack: [0x000000ab99b00000,0x000000ab99c00000]
Native frames: (J=compiled Java code, j=interpreted, Vv=VM code, C=native code)
V  [jvm.dll+0x676a4a]
V  [jvm.dll+0x7d74f4]
V  [jvm.dll+0x7d8c9e]
V  [jvm.dll+0x7d9303]
V  [jvm.dll+0x2452c5]
V  [jvm.dll+0xaaa2b]
V  [jvm.dll+0xaafcc]
V  [jvm.dll+0x3613cf]
V  [jvm.dll+0x32bba1]
V  [jvm.dll+0x32b03a]
V  [jvm.dll+0x217acf]
V  [jvm.dll+0x216f01]
V  [jvm.dll+0x1a35e0]
V  [jvm.dll+0x226a6e]
V  [jvm.dll+0x224e15]
V  [jvm.dll+0x78d05c]
V  [jvm.dll+0x78759a]
V  [jvm.dll+0x675875]
C  [ucrtbase.dll+0x21bb2]
C  [KERNEL32.DLL+0x17374]
C  [ntdll.dll+0x4cc91]


---------------  P R O C E S S  ---------------

Threads class SMR info:
_java_thread_list=0x000002497e2c91b0, length=20, elements={
0x000002495859d3c0, 0x000002497b11e410, 0x000002497bc050b0, 0x000002497bc15bf0,
0x000002497bc185b0, 0x000002497bc1af70, 0x000002497bc1ee20, 0x000002497bc1fbb0,
0x000002497bc28660, 0x000002497bc39810, 0x000002497bce8050, 0x000002497bd1d370,
0x000002497bd1dc50, 0x000002497d18cc00, 0x000002497cbc6b30, 0x000002497e534880,
0x0000024903ba7aa0, 0x000002497ff41930, 0x000002497ce27050, 0x00000249078a3010
}

Java Threads: ( => current thread )
  0x000002495859d3c0 JavaThread "main" [_thread_in_native, id=17544, stack(0x000000ab97800000,0x000000ab97900000)]
  0x000002497b11e410 JavaThread "Reference Handler" daemon [_thread_blocked, id=17148, stack(0x000000ab97f00000,0x000000ab98000000)]
  0x000002497bc050b0 JavaThread "Finalizer" daemon [_thread_blocked, id=10436, stack(0x000000ab98000000,0x000000ab98100000)]
  0x000002497bc15bf0 JavaThread "Signal Dispatcher" daemon [_thread_blocked, id=8600, stack(0x000000ab98100000,0x000000ab98200000)]
  0x000002497bc185b0 JavaThread "Attach Listener" daemon [_thread_blocked, id=14516, stack(0x000000ab98200000,0x000000ab98300000)]
  0x000002497bc1af70 JavaThread "Service Thread" daemon [_thread_blocked, id=7796, stack(0x000000ab98300000,0x000000ab98400000)]
  0x000002497bc1ee20 JavaThread "Monitor Deflation Thread" daemon [_thread_blocked, id=12584, stack(0x000000ab98400000,0x000000ab98500000)]
  0x000002497bc1fbb0 JavaThread "C2 CompilerThread0" daemon [_thread_in_native, id=356, stack(0x000000ab98500000,0x000000ab98600000)]
  0x000002497bc28660 JavaThread "C1 CompilerThread0" daemon [_thread_blocked, id=9956, stack(0x000000ab98600000,0x000000ab98700000)]
  0x000002497bc39810 JavaThread "Sweeper thread" daemon [_thread_blocked, id=18316, stack(0x000000ab98700000,0x000000ab98800000)]
  0x000002497bce8050 JavaThread "Common-Cleaner" daemon [_thread_blocked, id=15128, stack(0x000000ab98800000,0x000000ab98900000)]
  0x000002497bd1d370 JavaThread "Monitor Ctrl-Break" daemon [_thread_in_native, id=10120, stack(0x000000ab98a00000,0x000000ab98b00000)]
  0x000002497bd1dc50 JavaThread "Notification Thread" daemon [_thread_blocked, id=11612, stack(0x000000ab98b00000,0x000000ab98c00000)]
  0x000002497d18cc00 JavaThread "Catalina-utility-1" [_thread_blocked, id=12344, stack(0x000000ab99700000,0x000000ab99800000)]
  0x000002497cbc6b30 JavaThread "Catalina-utility-2" [_thread_blocked, id=13236, stack(0x000000ab99800000,0x000000ab99900000)]
  0x000002497e534880 JavaThread "container-0" [_thread_blocked, id=13876, stack(0x000000ab99900000,0x000000ab99a00000)]
  0x0000024903ba7aa0 JavaThread "mysql-cj-abandoned-connection-cleanup" daemon [_thread_blocked, id=17036, stack(0x000000ab99a00000,0x000000ab99b00000)]
  0x000002497ff41930 JavaThread "HikariPool-1 housekeeper" daemon [_thread_blocked, id=12964, stack(0x000000ab98900000,0x000000ab98a00000)]
  0x000002497ce27050 JavaThread "C2 CompilerThread1" daemon [_thread_blocked, id=12220, stack(0x000000ab98d00000,0x000000ab98e00000)]
=>0x00000249078a3010 JavaThread "C2 CompilerThread2" daemon [_thread_in_native, id=18960, stack(0x000000ab99b00000,0x000000ab99c00000)]

Other Threads:
  0x000002497b11d0e0 VMThread "VM Thread" [stack: 0x000000ab97e00000,0x000000ab97f00000] [id=4700]
  0x000002497bedfc10 WatcherThread [stack: 0x000000ab98c00000,0x000000ab98d00000] [id=19128]
  0x0000024958607f20 GCTaskThread "GC Thread#0" [stack: 0x000000ab97900000,0x000000ab97a00000] [id=14052]
  0x000002497d397050 GCTaskThread "GC Thread#1" [stack: 0x000000ab98e00000,0x000000ab98f00000] [id=12140]
  0x000002497d2691c0 GCTaskThread "GC Thread#2" [stack: 0x000000ab98f00000,0x000000ab99000000] [id=18520]
  0x000002497cbc6670 GCTaskThread "GC Thread#3" [stack: 0x000000ab99000000,0x000000ab99100000] [id=14768]
  0x000002497d1c8d30 GCTaskThread "GC Thread#4" [stack: 0x000000ab99100000,0x000000ab99200000] [id=14928]
  0x000002497d5a4210 GCTaskThread "GC Thread#5" [stack: 0x000000ab99200000,0x000000ab99300000] [id=11616]
  0x000002497d826860 GCTaskThread "GC Thread#6" [stack: 0x000000ab99300000,0x000000ab99400000] [id=2168]
  0x000002497bec01b0 GCTaskThread "GC Thread#7" [stack: 0x000000ab99400000,0x000000ab99500000] [id=9576]
  0x0000024958618a20 ConcurrentGCThread "G1 Main Marker" [stack: 0x000000ab97a00000,0x000000ab97b00000] [id=6360]
  0x0000024958619bd0 ConcurrentGCThread "G1 Conc#0" [stack: 0x000000ab97b00000,0x000000ab97c00000] [id=4140]
  0x000002497d189180 ConcurrentGCThread "G1 Conc#1" [stack: 0x000000ab99500000,0x000000ab99600000] [id=6860]
  0x000002497afd1c50 ConcurrentGCThread "G1 Refine#0" [stack: 0x000000ab97c00000,0x000000ab97d00000] [id=16888]
  0x000002490113c7e0 ConcurrentGCThread "G1 Refine#1" [stack: 0x000000ab99600000,0x000000ab99700000] [id=4624]
  0x000002497afd3680 ConcurrentGCThread "G1 Service" [stack: 0x000000ab97d00000,0x000000ab97e00000] [id=496]

Threads with active compile tasks:
C2 CompilerThread0    23033 10255       4       org.springframework.core.ResolvableType::calculateHashCode (80 bytes)
C1 CompilerThread0    23033 10258       3       java.util.Locale::getDefault (63 bytes)
C2 CompilerThread2    23033 9990       4       org.springframework.aop.aspectj.AspectJExpressionPointcut::matches (69 bytes)

VM state: not at safepoint (normal execution)

VM Mutex/Monitor currently owned by a thread: None

Heap address: 0x0000000704400000, size: 4028 MB, Compressed Oops mode: Zero based, Oop shift amount: 3

CDS archive(s) mapped at: [0x0000000800000000-0x0000000800bd0000-0x0000000800bd0000), size 12386304, SharedBaseAddress: 0x0000000800000000, ArchiveRelocationMode: 0.
Compressed class space mapped at: 0x0000000800c00000-0x0000000840c00000, reserved size: 1073741824
Narrow klass base: 0x0000000800000000, Narrow klass shift: 0, Narrow klass range: 0x100000000

GC Precious Log:
 CPUs: 8 total, 8 available
 Memory: 16106M
 Large Page Support: Disabled
 NUMA Support: Disabled
 Compressed Oops: Enabled (Zero based)
 Heap Region Size: 2M
 Heap Min Capacity: 8M
 Heap Initial Capacity: 252M
 Heap Max Capacity: 4028M
 Pre-touch: Disabled
 Parallel Workers: 8
 Concurrent Workers: 2
 Concurrent Refinement Workers: 8
 Periodic GC: Disabled

Heap:
 garbage-first heap   total 112640K, used 70507K [0x0000000704400000, 0x0000000800000000)
  region size 2048K, 20 young (40960K), 3 survivors (6144K)
 Metaspace       used 82469K, committed 83072K, reserved 1122304K
  class space    used 11543K, committed 11840K, reserved 1048576K

Heap Regions: E=young(eden), S=young(survivor), O=old, HS=humongous(starts), HC=humongous(continues), CS=collection set, F=free, OA=open archive, CA=closed archive, TAMS=top-at-mark-start (previous, next)
|   0|0x0000000704400000, 0x0000000704600000, 0x0000000704600000|100%| O|  |TAMS 0x0000000704600000, 0x0000000704400000| Untracked 
|   1|0x0000000704600000, 0x0000000704800000, 0x0000000704800000|100%| O|  |TAMS 0x0000000704800000, 0x0000000704600000| Untracked 
|   2|0x0000000704800000, 0x0000000704a00000, 0x0000000704a00000|100%| O|  |TAMS 0x0000000704a00000, 0x0000000704800000| Untracked 
|   3|0x0000000704a00000, 0x0000000704c00000, 0x0000000704c00000|100%| O|  |TAMS 0x0000000704c00000, 0x0000000704a00000| Untracked 
|   4|0x0000000704c00000, 0x0000000704e00000, 0x0000000704e00000|100%| O|  |TAMS 0x0000000704e00000, 0x0000000704c00000| Untracked 
|   5|0x0000000704e00000, 0x0000000705000000, 0x0000000705000000|100%| O|  |TAMS 0x0000000705000000, 0x0000000704e00000| Untracked 
|   6|0x0000000705000000, 0x0000000705200000, 0x0000000705200000|100%| O|  |TAMS 0x0000000705200000, 0x0000000705000000| Untracked 
|   7|0x0000000705200000, 0x0000000705400000, 0x0000000705400000|100%| O|  |TAMS 0x0000000705400000, 0x0000000705200000| Untracked 
|   8|0x0000000705400000, 0x0000000705600000, 0x0000000705600000|100%| O|  |TAMS 0x0000000705600000, 0x0000000705400000| Untracked 
|   9|0x0000000705600000, 0x0000000705800000, 0x0000000705800000|100%| O|  |TAMS 0x0000000705800000, 0x0000000705600000| Untracked 
|  10|0x0000000705800000, 0x0000000705a00000, 0x0000000705a00000|100%| O|  |TAMS 0x0000000705a00000, 0x0000000705800000| Untracked 
|  11|0x0000000705a00000, 0x0000000705c00000, 0x0000000705c00000|100%| O|  |TAMS 0x0000000705c00000, 0x0000000705a00000| Untracked 
|  12|0x0000000705c00000, 0x0000000705e00000, 0x0000000705e00000|100%| O|  |TAMS 0x0000000705e00000, 0x0000000705c00000| Untracked 
|  13|0x0000000705e00000, 0x0000000706000000, 0x0000000706000000|100%| O|  |TAMS 0x0000000706000000, 0x0000000705e00000| Untracked 
|  14|0x0000000706000000, 0x0000000706200000, 0x0000000706200000|100%| O|  |TAMS 0x000000070604ee00, 0x0000000706000000| Untracked 
|  15|0x0000000706200000, 0x0000000706400000, 0x0000000706400000|100%| O|  |TAMS 0x0000000706200000, 0x0000000706200000| Untracked 
|  16|0x0000000706400000, 0x0000000706600000, 0x0000000706600000|100%| O|  |TAMS 0x0000000706400000, 0x0000000706400000| Untracked 
|  17|0x0000000706600000, 0x000000070662be00, 0x0000000706800000|  8%| O|  |TAMS 0x0000000706600000, 0x0000000706600000| Untracked 
|  18|0x0000000706800000, 0x0000000706800000, 0x0000000706a00000|  0%| F|  |TAMS 0x0000000706800000, 0x0000000706800000| Untracked 
|  19|0x0000000706a00000, 0x0000000706a00000, 0x0000000706c00000|  0%| F|  |TAMS 0x0000000706a00000, 0x0000000706a00000| Untracked 
|  20|0x0000000706c00000, 0x0000000706c00000, 0x0000000706e00000|  0%| F|  |TAMS 0x0000000706c00000, 0x0000000706c00000| Untracked 
|  21|0x0000000706e00000, 0x0000000706e00000, 0x0000000707000000|  0%| F|  |TAMS 0x0000000706e00000, 0x0000000706e00000| Untracked 
|  22|0x0000000707000000, 0x0000000707000000, 0x0000000707200000|  0%| F|  |TAMS 0x0000000707000000, 0x0000000707000000| Untracked 
|  23|0x0000000707200000, 0x00000007072af100, 0x0000000707400000| 34%| S|CS|TAMS 0x0000000707200000, 0x0000000707200000| Complete 
|  24|0x0000000707400000, 0x0000000707400000, 0x0000000707600000|  0%| F|  |TAMS 0x0000000707400000, 0x0000000707400000| Untracked 
|  25|0x0000000707600000, 0x0000000707600000, 0x0000000707800000|  0%| F|  |TAMS 0x0000000707600000, 0x0000000707600000| Untracked 
|  26|0x0000000707800000, 0x0000000707800000, 0x0000000707a00000|  0%| F|  |TAMS 0x0000000707800000, 0x0000000707800000| Untracked 
|  27|0x0000000707a00000, 0x0000000707c00000, 0x0000000707c00000|100%| S|CS|TAMS 0x0000000707a00000, 0x0000000707a00000| Complete 
|  28|0x0000000707c00000, 0x0000000707e00000, 0x0000000707e00000|100%| S|CS|TAMS 0x0000000707c00000, 0x0000000707c00000| Complete 
|  29|0x0000000707e00000, 0x0000000707e00000, 0x0000000708000000|  0%| F|  |TAMS 0x0000000707e00000, 0x0000000707e00000| Untracked 
|  30|0x0000000708000000, 0x0000000708000000, 0x0000000708200000|  0%| F|  |TAMS 0x0000000708000000, 0x0000000708000000| Untracked 
|  31|0x0000000708200000, 0x0000000708200000, 0x0000000708400000|  0%| F|  |TAMS 0x0000000708200000, 0x0000000708200000| Untracked 
|  32|0x0000000708400000, 0x0000000708400000, 0x0000000708600000|  0%| F|  |TAMS 0x0000000708400000, 0x0000000708400000| Untracked 
|  33|0x0000000708600000, 0x0000000708600000, 0x0000000708800000|  0%| F|  |TAMS 0x0000000708600000, 0x0000000708600000| Untracked 
|  34|0x0000000708800000, 0x0000000708800000, 0x0000000708a00000|  0%| F|  |TAMS 0x0000000708800000, 0x0000000708800000| Untracked 
|  35|0x0000000708a00000, 0x0000000708a00000, 0x0000000708c00000|  0%| F|  |TAMS 0x0000000708a00000, 0x0000000708a00000| Untracked 
|  36|0x0000000708c00000, 0x0000000708c00000, 0x0000000708e00000|  0%| F|  |TAMS 0x0000000708c00000, 0x0000000708c00000| Untracked 
|  37|0x0000000708e00000, 0x0000000708e00000, 0x0000000709000000|  0%| F|  |TAMS 0x0000000708e00000, 0x0000000708e00000| Untracked 
|  38|0x0000000709000000, 0x00000007090ee8b0, 0x0000000709200000| 46%| E|  |TAMS 0x0000000709000000, 0x0000000709000000| Complete 
|  39|0x0000000709200000, 0x0000000709400000, 0x0000000709400000|100%| E|CS|TAMS 0x0000000709200000, 0x0000000709200000| Complete 
|  40|0x0000000709400000, 0x0000000709600000, 0x0000000709600000|100%| E|CS|TAMS 0x0000000709400000, 0x0000000709400000| Complete 
|  41|0x0000000709600000, 0x0000000709800000, 0x0000000709800000|100%| E|CS|TAMS 0x0000000709600000, 0x0000000709600000| Complete 
|  42|0x0000000709800000, 0x0000000709a00000, 0x0000000709a00000|100%| E|CS|TAMS 0x0000000709800000, 0x0000000709800000| Complete 
|  43|0x0000000709a00000, 0x0000000709c00000, 0x0000000709c00000|100%| E|CS|TAMS 0x0000000709a00000, 0x0000000709a00000| Complete 
|  44|0x0000000709c00000, 0x0000000709e00000, 0x0000000709e00000|100%| E|  |TAMS 0x0000000709c00000, 0x0000000709c00000| Complete 
|  45|0x0000000709e00000, 0x000000070a000000, 0x000000070a000000|100%| E|CS|TAMS 0x0000000709e00000, 0x0000000709e00000| Complete 
|  46|0x000000070a000000, 0x000000070a200000, 0x000000070a200000|100%| E|CS|TAMS 0x000000070a000000, 0x000000070a000000| Complete 
|  47|0x000000070a200000, 0x000000070a400000, 0x000000070a400000|100%| E|CS|TAMS 0x000000070a200000, 0x000000070a200000| Complete 
|  48|0x000000070a400000, 0x000000070a600000, 0x000000070a600000|100%| E|CS|TAMS 0x000000070a400000, 0x000000070a400000| Complete 
|  49|0x000000070a600000, 0x000000070a800000, 0x000000070a800000|100%| E|CS|TAMS 0x000000070a600000, 0x000000070a600000| Complete 
|  50|0x000000070a800000, 0x000000070aa00000, 0x000000070aa00000|100%| E|CS|TAMS 0x000000070a800000, 0x000000070a800000| Complete 
| 102|0x0000000711000000, 0x0000000711200000, 0x0000000711200000|100%| E|CS|TAMS 0x0000000711000000, 0x0000000711000000| Complete 
| 103|0x0000000711200000, 0x0000000711400000, 0x0000000711400000|100%| E|CS|TAMS 0x0000000711200000, 0x0000000711200000| Complete 
| 104|0x0000000711400000, 0x0000000711600000, 0x0000000711600000|100%| E|CS|TAMS 0x0000000711400000, 0x0000000711400000| Complete 
| 125|0x0000000713e00000, 0x0000000714000000, 0x0000000714000000|100%| E|CS|TAMS 0x0000000713e00000, 0x0000000713e00000| Complete 

Card table byte_map: [0x000002496f900000,0x00000249700e0000] _byte_map_base: 0x000002496c0de000

Marking Bits (Prev, Next): (CMBitMap*) 0x0000024958608570, (CMBitMap*) 0x0000024958608530
 Prev Bits: [0x00000249747b0000, 0x00000249786a0000)
 Next Bits: [0x00000249708c0000, 0x00000249747b0000)

Polling page: 0x00000249564b0000

Metaspace:

Usage:
  Non-class:     69.28 MB used.
      Class:     11.27 MB used.
       Both:     80.56 MB used.

Virtual space:
  Non-class space:       72.00 MB reserved,      69.56 MB ( 97%) committed,  9 nodes.
      Class space:        1.00 GB reserved,      11.56 MB (  1%) committed,  1 nodes.
             Both:        1.07 GB reserved,      81.12 MB (  7%) committed. 

Chunk freelists:
   Non-Class:  2.12 MB
       Class:  272.00 KB
        Both:  2.39 MB

MaxMetaspaceSize: unlimited
CompressedClassSpaceSize: 1.00 GB
Initial GC threshold: 21.00 MB
Current GC threshold: 98.69 MB
CDS: on
MetaspaceReclaimPolicy: balanced
 - commit_granule_bytes: 65536.
 - commit_granule_words: 8192.
 - virtual_space_node_default_size: 1048576.
 - enlarge_chunks_in_place: 1.
 - new_chunks_are_fully_committed: 0.
 - uncommit_free_chunks: 1.
 - use_allocation_guard: 0.
 - handle_deallocations: 1.


Internal statistics:

num_allocs_failed_limit: 9.
num_arena_births: 848.
num_arena_deaths: 4.
num_vsnodes_births: 10.
num_vsnodes_deaths: 0.
num_space_committed: 1298.
num_space_uncommitted: 0.
num_chunks_returned_to_freelist: 14.
num_chunks_taken_from_freelist: 3878.
num_chunk_merges: 9.
num_chunk_splits: 2850.
num_chunks_enlarged: 2297.
num_purges: 4.
num_inconsistent_stats: 0.

CodeHeap 'non-profiled nmethods': size=120000Kb used=4786Kb max_used=4786Kb free=115213Kb
 bounds [0x00000249678c0000, 0x0000024967d70000, 0x000002496edf0000]
CodeHeap 'profiled nmethods': size=120000Kb used=12321Kb max_used=12321Kb free=107678Kb
 bounds [0x000002495fdf0000, 0x0000024960a00000, 0x0000024967320000]
CodeHeap 'non-nmethods': size=5760Kb used=1389Kb max_used=1429Kb free=4370Kb
 bounds [0x0000024967320000, 0x0000024967590000, 0x00000249678c0000]
 total_blobs=7154 nmethods=6432 adapters=633
 compilation: enabled
              stopped_count=0, restarted_count=0
 full_count=0

Compilation events (20 events):
Event: 22.852 Thread 0x000002497bc28660 10243       1       java.util.Collections$2::estimateSize (5 bytes)
Event: 22.852 Thread 0x000002497bc28660 nmethod 10243 0x0000024967d62d90 code [0x0000024967d62f20, 0x0000024967d62ff8]
Event: 22.852 Thread 0x000002497bc28660 10244       3       org.springframework.data.repository.core.support.MethodLookups::lambda$direct$0 (45 bytes)
Event: 22.854 Thread 0x000002497bc28660 nmethod 10244 0x00000249609f1b90 code [0x00000249609f1dc0, 0x00000249609f26b8]
Event: 22.854 Thread 0x000002497bc28660 10245       3       java.util.Collections$2::characteristics (33 bytes)
Event: 22.854 Thread 0x000002497bc28660 nmethod 10245 0x00000249609f2a10 code [0x00000249609f2ba0, 0x00000249609f2d18]
Event: 22.854 Thread 0x000002497bc28660 10242       3       org.springframework.data.repository.core.support.MethodLookups$RepositoryAwareMethodLookup$$Lambda$1959/0x00000008017a9e80::<init> (15 bytes)
Event: 22.854 Thread 0x000002497bc28660 nmethod 10242 0x00000249609f2d90 code [0x00000249609f2f40, 0x00000249609f3178]
Event: 22.865 Thread 0x000002497bc28660 10246       3       org.springframework.data.util.Streamable::stream (11 bytes)
Event: 22.865 Thread 0x000002497bc28660 nmethod 10246 0x00000249609f3210 code [0x00000249609f33c0, 0x00000249609f35b8]
Event: 22.872 Thread 0x000002497bc1fbb0 10247       4       org.springframework.core.annotation.TypeMappedAnnotations::get (52 bytes)
Event: 22.873 Thread 0x000002497bc28660 10248       3       java.lang.Module::allows (60 bytes)
Event: 22.873 Thread 0x000002497bc28660 nmethod 10248 0x00000249609f3690 code [0x00000249609f3880, 0x00000249609f3ec8]
Event: 22.878 Thread 0x000002497ce27050 nmethod 10154 0x0000024967d63090 code [0x0000024967d633a0, 0x0000024967d657a0]
Event: 22.921 Thread 0x000002497bc28660 10249       3       jdk.internal.org.objectweb.asm.ClassWriter::<init> (68 bytes)
Event: 22.921 Thread 0x000002497bc28660 nmethod 10249 0x00000249609f4010 code [0x00000249609f41e0, 0x00000249609f4688]
Event: 22.921 Thread 0x000002497bc28660 10250       3       jdk.internal.org.objectweb.asm.ClassVisitor::<init> (88 bytes)
Event: 22.922 Thread 0x000002497bc28660 nmethod 10250 0x00000249609f4810 code [0x00000249609f4a60, 0x00000249609f5348]
Event: 22.923 Thread 0x000002497bc28660 10251       3       jdk.internal.org.objectweb.asm.SymbolTable::<init> (41 bytes)
Event: 22.923 Thread 0x000002497bc28660 nmethod 10251 0x00000249609f5610 code [0x00000249609f57e0, 0x00000249609f5d78]

GC Heap History (20 events):
Event: 9.214 GC heap before
{Heap before GC invocations=8 (full 0):
 garbage-first heap   total 69632K, used 44669K [0x0000000704400000, 0x0000000800000000)
  region size 2048K, 14 young (28672K), 1 survivors (2048K)
 Metaspace       used 33935K, committed 34304K, reserved 1081344K
  class space    used 4836K, committed 4992K, reserved 1048576K
}
Event: 9.220 GC heap after
{Heap after GC invocations=9 (full 0):
 garbage-first heap   total 69632K, used 21748K [0x0000000704400000, 0x0000000800000000)
  region size 2048K, 2 young (4096K), 2 survivors (4096K)
 Metaspace       used 33935K, committed 34304K, reserved 1081344K
  class space    used 4836K, committed 4992K, reserved 1048576K
}
Event: 9.421 GC heap before
{Heap before GC invocations=9 (full 0):
 garbage-first heap   total 69632K, used 29940K [0x0000000704400000, 0x0000000800000000)
  region size 2048K, 8 young (16384K), 2 survivors (4096K)
 Metaspace       used 35565K, committed 35968K, reserved 1081344K
  class space    used 5036K, committed 5248K, reserved 1048576K
}
Event: 9.425 GC heap after
{Heap after GC invocations=10 (full 0):
 garbage-first heap   total 69632K, used 23149K [0x0000000704400000, 0x0000000800000000)
  region size 2048K, 2 young (4096K), 2 survivors (4096K)
 Metaspace       used 35565K, committed 35968K, reserved 1081344K
  class space    used 5036K, committed 5248K, reserved 1048576K
}
Event: 10.139 GC heap before
{Heap before GC invocations=11 (full 0):
 garbage-first heap   total 69632K, used 49773K [0x0000000704400000, 0x0000000800000000)
  region size 2048K, 15 young (30720K), 2 survivors (4096K)
 Metaspace       used 37117K, committed 37568K, reserved 1081344K
  class space    used 5222K, committed 5440K, reserved 1048576K
}
Event: 10.146 GC heap after
{Heap after GC invocations=12 (full 0):
 garbage-first heap   total 69632K, used 25411K [0x0000000704400000, 0x0000000800000000)
  region size 2048K, 2 young (4096K), 2 survivors (4096K)
 Metaspace       used 37117K, committed 37568K, reserved 1081344K
  class space    used 5222K, committed 5440K, reserved 1048576K
}
Event: 10.990 GC heap before
{Heap before GC invocations=12 (full 0):
 garbage-first heap   total 69632K, used 47939K [0x0000000704400000, 0x0000000800000000)
  region size 2048K, 14 young (28672K), 2 survivors (4096K)
 Metaspace       used 39018K, committed 39424K, reserved 1089536K
  class space    used 5503K, committed 5696K, reserved 1048576K
}
Event: 11.002 GC heap after
{Heap after GC invocations=13 (full 0):
 garbage-first heap   total 112640K, used 26724K [0x0000000704400000, 0x0000000800000000)
  region size 2048K, 1 young (2048K), 1 survivors (2048K)
 Metaspace       used 39018K, committed 39424K, reserved 1089536K
  class space    used 5503K, committed 5696K, reserved 1048576K
}
Event: 13.171 GC heap before
{Heap before GC invocations=13 (full 0):
 garbage-first heap   total 112640K, used 84068K [0x0000000704400000, 0x0000000800000000)
  region size 2048K, 29 young (59392K), 1 survivors (2048K)
 Metaspace       used 44403K, committed 44864K, reserved 1089536K
  class space    used 6301K, committed 6528K, reserved 1048576K
}
Event: 13.190 GC heap after
{Heap after GC invocations=14 (full 0):
 garbage-first heap   total 112640K, used 29701K [0x0000000704400000, 0x0000000800000000)
  region size 2048K, 3 young (6144K), 3 survivors (6144K)
 Metaspace       used 44403K, committed 44864K, reserved 1089536K
  class space    used 6301K, committed 6528K, reserved 1048576K
}
Event: 15.603 GC heap before
{Heap before GC invocations=14 (full 0):
 garbage-first heap   total 112640K, used 84997K [0x0000000704400000, 0x0000000800000000)
  region size 2048K, 30 young (61440K), 3 survivors (6144K)
 Metaspace       used 51789K, committed 52352K, reserved 1097728K
  class space    used 7243K, committed 7488K, reserved 1048576K
}
Event: 15.626 GC heap after
{Heap after GC invocations=15 (full 0):
 garbage-first heap   total 112640K, used 32962K [0x0000000704400000, 0x0000000800000000)
  region size 2048K, 4 young (8192K), 4 survivors (8192K)
 Metaspace       used 51789K, committed 52352K, reserved 1097728K
  class space    used 7243K, committed 7488K, reserved 1048576K
}
Event: 17.516 GC heap before
{Heap before GC invocations=15 (full 0):
 garbage-first heap   total 112640K, used 84162K [0x0000000704400000, 0x0000000800000000)
  region size 2048K, 30 young (61440K), 4 survivors (8192K)
 Metaspace       used 59480K, committed 59968K, reserved 1105920K
  class space    used 8195K, committed 8448K, reserved 1048576K
}
Event: 17.526 GC heap after
{Heap after GC invocations=16 (full 0):
 garbage-first heap   total 112640K, used 35543K [0x0000000704400000, 0x0000000800000000)
  region size 2048K, 4 young (8192K), 4 survivors (8192K)
 Metaspace       used 59480K, committed 59968K, reserved 1105920K
  class space    used 8195K, committed 8448K, reserved 1048576K
}
Event: 17.623 GC heap before
{Heap before GC invocations=16 (full 0):
 garbage-first heap   total 112640K, used 37591K [0x0000000704400000, 0x0000000800000000)
  region size 2048K, 6 young (12288K), 4 survivors (8192K)
 Metaspace       used 59931K, committed 60416K, reserved 1105920K
  class space    used 8257K, committed 8512K, reserved 1048576K
}
Event: 17.631 GC heap after
{Heap after GC invocations=17 (full 0):
 garbage-first heap   total 112640K, used 35362K [0x0000000704400000, 0x0000000800000000)
  region size 2048K, 2 young (4096K), 2 survivors (4096K)
 Metaspace       used 59931K, committed 60416K, reserved 1105920K
  class space    used 8257K, committed 8512K, reserved 1048576K
}
Event: 20.056 GC heap before
{Heap before GC invocations=18 (full 0):
 garbage-first heap   total 112640K, used 86562K [0x0000000704400000, 0x0000000800000000)
  region size 2048K, 28 young (57344K), 2 survivors (4096K)
 Metaspace       used 68127K, committed 68672K, reserved 1114112K
  class space    used 9465K, committed 9728K, reserved 1048576K
}
Event: 20.063 GC heap after
{Heap after GC invocations=19 (full 0):
 garbage-first heap   total 112640K, used 37206K [0x0000000704400000, 0x0000000800000000)
  region size 2048K, 3 young (6144K), 3 survivors (6144K)
 Metaspace       used 68127K, committed 68672K, reserved 1114112K
  class space    used 9465K, committed 9728K, reserved 1048576K
}
Event: 21.860 GC heap before
{Heap before GC invocations=19 (full 0):
 garbage-first heap   total 112640K, used 88406K [0x0000000704400000, 0x0000000800000000)
  region size 2048K, 29 young (59392K), 3 survivors (6144K)
 Metaspace       used 78234K, committed 78912K, reserved 1122304K
  class space    used 10983K, committed 11328K, reserved 1048576K
}
Event: 21.869 GC heap after
{Heap after GC invocations=20 (full 0):
 garbage-first heap   total 112640K, used 39787K [0x0000000704400000, 0x0000000800000000)
  region size 2048K, 3 young (6144K), 3 survivors (6144K)
 Metaspace       used 78234K, committed 78912K, reserved 1122304K
  class space    used 10983K, committed 11328K, reserved 1048576K
}

Deoptimization events (20 events):
Event: 22.671 Thread 0x000002495859d3c0 Uncommon trap: trap_request=0xffffffde fr.pc=0x0000024967a9301c relative=0x000000000000071c
Event: 22.671 Thread 0x000002495859d3c0 Uncommon trap: reason=class_check action=maybe_recompile pc=0x0000024967a9301c method=org.springframework.util.ConcurrentReferenceHashMap.get(Ljava/lang/Object;)Ljava/lang/Object; @ 14 c2
Event: 22.671 Thread 0x000002495859d3c0 DEOPT PACKING pc=0x0000024967a9301c sp=0x000000ab978fa300
Event: 22.671 Thread 0x000002495859d3c0 DEOPT UNPACKING pc=0x0000024967375ba3 sp=0x000000ab978fa258 mode 2
Event: 22.671 Thread 0x000002495859d3c0 Uncommon trap: trap_request=0xffffffde fr.pc=0x00000249679c86fc relative=0x000000000000099c
Event: 22.671 Thread 0x000002495859d3c0 Uncommon trap: reason=class_check action=maybe_recompile pc=0x00000249679c86fc method=org.springframework.util.ConcurrentReferenceHashMap$Segment.findInChain(Lorg/springframework/util/ConcurrentReferenceHashMap$Reference;Ljava/lang/Object;I)Lorg/springfra
Event: 22.671 Thread 0x000002495859d3c0 DEOPT PACKING pc=0x00000249679c86fc sp=0x000000ab978fa280
Event: 22.671 Thread 0x000002495859d3c0 DEOPT UNPACKING pc=0x0000024967375ba3 sp=0x000000ab978fa1a8 mode 2
Event: 22.671 Thread 0x000002495859d3c0 Uncommon trap: trap_request=0xffffffde fr.pc=0x0000024967a9301c relative=0x000000000000071c
Event: 22.671 Thread 0x000002495859d3c0 Uncommon trap: reason=class_check action=maybe_recompile pc=0x0000024967a9301c method=org.springframework.util.ConcurrentReferenceHashMap.get(Ljava/lang/Object;)Ljava/lang/Object; @ 14 c2
Event: 22.671 Thread 0x000002495859d3c0 DEOPT PACKING pc=0x0000024967a9301c sp=0x000000ab978fa300
Event: 22.671 Thread 0x000002495859d3c0 DEOPT UNPACKING pc=0x0000024967375ba3 sp=0x000000ab978fa258 mode 2
Event: 22.673 Thread 0x000002495859d3c0 Uncommon trap: trap_request=0xffffffde fr.pc=0x00000249679c9824 relative=0x00000000000004e4
Event: 22.673 Thread 0x000002495859d3c0 Uncommon trap: reason=class_check action=maybe_recompile pc=0x00000249679c9824 method=org.springframework.util.ConcurrentReferenceHashMap$Segment.findInChain(Lorg/springframework/util/ConcurrentReferenceHashMap$Reference;Ljava/lang/Object;I)Lorg/springfra
Event: 22.673 Thread 0x000002495859d3c0 DEOPT PACKING pc=0x00000249679c9824 sp=0x000000ab978fa180
Event: 22.673 Thread 0x000002495859d3c0 DEOPT UNPACKING pc=0x0000024967375ba3 sp=0x000000ab978fa138 mode 2
Event: 22.673 Thread 0x000002495859d3c0 Uncommon trap: trap_request=0xffffffde fr.pc=0x0000024967a7ff60 relative=0x0000000000000220
Event: 22.673 Thread 0x000002495859d3c0 Uncommon trap: reason=class_check action=maybe_recompile pc=0x0000024967a7ff60 method=org.springframework.util.ConcurrentReferenceHashMap.get(Ljava/lang/Object;)Ljava/lang/Object; @ 14 c2
Event: 22.673 Thread 0x000002495859d3c0 DEOPT PACKING pc=0x0000024967a7ff60 sp=0x000000ab978fa2a0
Event: 22.673 Thread 0x000002495859d3c0 DEOPT UNPACKING pc=0x0000024967375ba3 sp=0x000000ab978fa260 mode 2

Classes unloaded (2 events):
Event: 6.859 Thread 0x000002497b11d0e0 Unloading class 0x0000000800c02000 'java/lang/invoke/LambdaForm$DMH+0x0000000800c02000'
Event: 9.449 Thread 0x000002497b11d0e0 Unloading class 0x0000000800e20000 'net/bytebuddy/mirror/AccessibleObject'

Classes redefined (11 events):
Event: 5.317 Thread 0x000002497b11d0e0 redefined class name=java.lang.Object, count=1
Event: 5.318 Thread 0x000002497b11d0e0 redefined class name=org.springframework.security.oauth2.client.web.AuthorizationRequestRepository, count=2
Event: 5.318 Thread 0x000002497b11d0e0 redefined class name=uk.ac.ox.ctl.lti13.security.oauth2.client.lti.web.OptimisticAuthorizationRequestRepository, count=2
Event: 5.433 Thread 0x000002497b11d0e0 redefined class name=uk.ac.ox.ctl.ltiauth.JWTService, count=2
Event: 5.946 Thread 0x000002497b11d0e0 redefined class name=jakarta.servlet.ServletResponse, count=2
Event: 5.946 Thread 0x000002497b11d0e0 redefined class name=jakarta.servlet.http.HttpServletResponse, count=2
Event: 13.242 Thread 0x000002497b11d0e0 redefined class name=software.amazon.awssdk.core.SdkClient, count=1
Event: 13.242 Thread 0x000002497b11d0e0 redefined class name=java.lang.AutoCloseable, count=2
Event: 13.242 Thread 0x000002497b11d0e0 redefined class name=software.amazon.awssdk.utils.SdkAutoCloseable, count=1
Event: 13.242 Thread 0x000002497b11d0e0 redefined class name=software.amazon.awssdk.awscore.AwsClient, count=1
Event: 13.242 Thread 0x000002497b11d0e0 redefined class name=software.amazon.awssdk.services.secretsmanager.SecretsManagerClient, count=1

Internal exceptions (20 events):
Event: 20.807 Thread 0x000002495859d3c0 Exception <a 'java/lang/NoSuchMethodError'{0x0000000709f317a0}: 'java.lang.Object java.lang.invoke.DirectMethodHandle$Holder.invokeStaticInit(java.lang.Object, java.lang.Object, int, java.lang.Object)'> (0x0000000709f317a0) 
thrown [s\open\src\hotspot\share\interpreter\linkResolver.cpp, line 759]
Event: 21.511 Thread 0x000002495859d3c0 Exception <a 'java/lang/NoSuchMethodError'{0x0000000708962b38}: 'void java.lang.invoke.DirectMethodHandle$Holder.invokeStaticInit(java.lang.Object, int, java.lang.Object, java.lang.Object, java.lang.Object, java.lang.Object)'> (0x0000000708962b38) 
thrown [s\open\src\hotspot\share\interpreter\linkResolver.cpp, line 759]
Event: 21.610 Thread 0x000002495859d3c0 Exception <a 'java/lang/NoSuchMethodError'{0x000000070844d798}: 'void java.lang.invoke.DirectMethodHandle$Holder.invokeInterface(java.lang.Object, java.lang.Object, int, java.lang.Object)'> (0x000000070844d798) 
thrown [s\open\src\hotspot\share\interpreter\linkResolver.cpp, line 759]
Event: 21.617 Thread 0x000002495859d3c0 Exception <a 'java/lang/NoSuchMethodError'{0x000000070847df30}: 'java.lang.Object java.lang.invoke.DirectMethodHandle$Holder.newInvokeSpecial(java.lang.Object, java.lang.Object, int, java.lang.Object)'> (0x000000070847df30) 
thrown [s\open\src\hotspot\share\interpreter\linkResolver.cpp, line 759]
Event: 21.617 Thread 0x000002495859d3c0 Exception <a 'java/lang/NoSuchMethodError'{0x00000007084822f0}: 'java.lang.Object java.lang.invoke.Invokers$Holder.linkToTargetMethod(java.lang.Object, int, java.lang.Object, java.lang.Object)'> (0x00000007084822f0) 
thrown [s\open\src\hotspot\share\interpreter\linkResolver.cpp, line 759]
Event: 21.630 Thread 0x000002495859d3c0 Exception <a 'java/lang/NoSuchMethodError'{0x00000007084f79e8}: 'void java.lang.invoke.DirectMethodHandle$Holder.invokeSpecial(java.lang.Object, java.lang.Object, java.lang.Object, java.lang.Object, java.lang.Object, java.lang.Object, java.lang.Object, java.lang.Object)'> (0x00000007084f79e8) 
thrown [s\open\src\hotspot\share\interpreter\linkResolver.cpp, line 759]
Event: 21.645 Thread 0x000002495859d3c0 Exception <a 'java/lang/NoSuchMethodError'{0x0000000708554b38}: 'java.lang.Object java.lang.invoke.DirectMethodHandle$Holder.newInvokeSpecial(java.lang.Object, java.lang.Object, int)'> (0x0000000708554b38) 
thrown [s\open\src\hotspot\share\interpreter\linkResolver.cpp, line 759]
Event: 21.646 Thread 0x000002495859d3c0 Exception <a 'java/lang/IncompatibleClassChangeError'{0x0000000708558fb0}: Found class java.lang.Object, but interface was expected> (0x0000000708558fb0) 
thrown [s\open\src\hotspot\share\interpreter\linkResolver.cpp, line 826]
Event: 21.705 Thread 0x000002495859d3c0 Exception <a 'java/lang/NoSuchMethodError'{0x0000000708361a08}: 'java.lang.Object java.lang.invoke.DirectMethodHandle$Holder.newInvokeSpecial(java.lang.Object, java.lang.Object, java.lang.Object, java.lang.Object, java.lang.Object, int, java.lang.Object)'> (0x0000000708361a08) 
thrown [s\open\src\hotspot\share\interpreter\linkResolver.cpp, line 759]
Event: 21.712 Thread 0x000002495859d3c0 Exception <a 'java/lang/NoSuchMethodError'{0x00000007083a8128}: 'java.lang.Object java.lang.invoke.DirectMethodHandle$Holder.newInvokeSpecial(java.lang.Object, java.lang.Object, java.lang.Object, java.lang.Object, java.lang.Object, java.lang.Object, java.lang.Object, java.lang.Object, java.lang.Object, java.lang.Object, java.lang.Object, java.lang.Object)'> (0x00000007083a8128) 
thrown [s\open\src\hotspot\share\interpreter\linkResolver.cpp, line 759]
Event: 21.712 Thread 0x000002495859d3c0 Exception <a 'java/lang/NoSuchMethodError'{0x00000007083acdf0}: 'java.lang.Object java.lang.invoke.Invokers$Holder.linkToTargetMethod(java.lang.Object, java.lang.Object, java.lang.Object, java.lang.Object, java.lang.Object, java.lang.Object, java.lang.Object, java.lang.Object, java.lang.Object, java.lang.Object, java.lang.Object, java.lang.Object)'> (0x00000007083acdf0) 
thrown [s\open\src\hotspot\share\interpreter\linkResolver.cpp, line 759]
Event: 21.816 Thread 0x000002495859d3c0 Exception <a 'java/lang/NoSuchMethodError'{0x0000000707eb1100}: 'java.lang.Object java.lang.invoke.DirectMethodHandle$Holder.newInvokeSpecial(java.lang.Object, java.lang.Object, int, java.lang.Object, int, java.lang.Object, java.lang.Object)'> (0x0000000707eb1100) 
thrown [s\open\src\hotspot\share\interpreter\linkResolver.cpp, line 759]
Event: 21.852 Thread 0x000002495859d3c0 Exception <a 'java/lang/NoSuchMethodError'{0x0000000707fbe438}: 'java.lang.Object java.lang.invoke.DirectMethodHandle$Holder.newInvokeSpecial(java.lang.Object, java.lang.Object, java.lang.Object, java.lang.Object, java.lang.Object, java.lang.Object, java.lang.Object, int)'> (0x0000000707fbe438) 
thrown [s\open\src\hotspot\share\interpreter\linkResolver.cpp, line 759]
Event: 21.852 Thread 0x000002495859d3c0 Exception <a 'java/lang/NoSuchMethodError'{0x0000000707fc3be0}: 'java.lang.Object java.lang.invoke.DirectMethodHandle$Holder.invokeSpecial(java.lang.Object, java.lang.Object, java.lang.Object, java.lang.Object, java.lang.Object, java.lang.Object, java.lang.Object, java.lang.Object, int)'> (0x0000000707fc3be0) 
thrown [s\open\src\hotspot\share\interpreter\linkResolver.cpp, line 759]
Event: 21.852 Thread 0x000002495859d3c0 Exception <a 'java/lang/NoSuchMethodError'{0x0000000707fc8e58}: 'java.lang.Object java.lang.invoke.Invokers$Holder.linkToTargetMethod(java.lang.Object, java.lang.Object, java.lang.Object, java.lang.Object, java.lang.Object, java.lang.Object, int, java.lang.Object)'> (0x0000000707fc8e58) 
thrown [s\open\src\hotspot\share\interpreter\linkResolver.cpp, line 759]
Event: 22.323 Thread 0x000002495859d3c0 Implicit null exception at 0x0000024967d2f3b1 to 0x0000024967d30635
Event: 22.338 Thread 0x000002495859d3c0 Exception <a 'java/lang/IncompatibleClassChangeError'{0x000000070a0751f0}: Found class java.lang.Object, but interface was expected> (0x000000070a0751f0) 
thrown [s\open\src\hotspot\share\interpreter\linkResolver.cpp, line 826]
Event: 22.433 Thread 0x000002495859d3c0 Exception <a 'java/lang/IncompatibleClassChangeError'{0x0000000709f241e0}: Found class java.lang.Object, but interface was expected> (0x0000000709f241e0) 
thrown [s\open\src\hotspot\share\interpreter\linkResolver.cpp, line 826]
Event: 22.624 Thread 0x000002495859d3c0 Implicit null exception at 0x0000024967c1e6ab to 0x0000024967c1fc44
Event: 22.844 Thread 0x000002495859d3c0 Exception <a 'java/lang/IncompatibleClassChangeError'{0x0000000709578018}: Found class java.lang.Object, but interface was expected> (0x0000000709578018) 
thrown [s\open\src\hotspot\share\interpreter\linkResolver.cpp, line 826]

VM Operations (20 events):
Event: 19.813 Executing VM operation: Cleanup
Event: 19.813 Executing VM operation: Cleanup done
Event: 20.056 Executing VM operation: G1CollectForAllocation
Event: 20.063 Executing VM operation: G1CollectForAllocation done
Event: 20.305 Executing VM operation: HandshakeAllThreads
Event: 20.305 Executing VM operation: HandshakeAllThreads done
Event: 21.301 Executing VM operation: ICBufferFull
Event: 21.301 Executing VM operation: ICBufferFull done
Event: 21.324 Executing VM operation: HandshakeAllThreads
Event: 21.324 Executing VM operation: HandshakeAllThreads done
Event: 21.860 Executing VM operation: G1CollectForAllocation
Event: 21.869 Executing VM operation: G1CollectForAllocation done
Event: 22.184 Executing VM operation: HandshakeAllThreads
Event: 22.184 Executing VM operation: HandshakeAllThreads done
Event: 22.547 Executing VM operation: ICBufferFull
Event: 22.547 Executing VM operation: ICBufferFull done
Event: 22.651 Executing VM operation: HandshakeAllThreads
Event: 22.651 Executing VM operation: HandshakeAllThreads done
Event: 22.869 Executing VM operation: HandshakeAllThreads
Event: 22.869 Executing VM operation: HandshakeAllThreads done

Events (20 events):
Event: 22.901 loading class org/springframework/data/repository/query/DefaultParameters
Event: 22.901 loading class org/springframework/data/repository/query/DefaultParameters done
Event: 22.904 loading class org/springframework/data/jpa/repository/query/JpaParameters
Event: 22.904 loading class org/springframework/data/jpa/repository/query/JpaParameters done
Event: 22.906 loading class org/springframework/data/jpa/repository/query/StoredProcedureAttributeSource
Event: 22.906 loading class org/springframework/data/jpa/repository/query/StoredProcedureAttributeSource done
Event: 22.911 loading class org/springframework/data/repository/query/ParameterOutOfBoundsException
Event: 22.911 loading class org/springframework/data/repository/query/ParameterOutOfBoundsException done
Event: 22.913 loading class org/springframework/data/domain/ScrollPosition
Event: 22.913 loading class org/springframework/data/domain/ScrollPosition done
Event: 22.916 loading class org/springframework/data/domain/Limit
Event: 22.916 loading class org/springframework/data/domain/Limit done
Event: 22.920 loading class org/springframework/data/repository/query/Param
Event: 22.920 loading class org/springframework/data/repository/query/Param done
Event: 22.923 loading class org/springframework/data/repository/query/ParametersSource
Event: 22.923 loading class org/springframework/data/repository/query/ParametersSource done
Event: 22.925 loading class org/springframework/data/repository/query/ParametersSource$2
Event: 22.925 loading class org/springframework/data/repository/query/ParametersSource$2 done
Event: 22.930 loading class org/springframework/data/repository/query/Parameter
Event: 22.930 loading class org/springframework/data/repository/query/Parameter done


Dynamic libraries:
0x00007ff7e7fc0000 - 0x00007ff7e7fd0000 	C:\Program Files\Java\jdk-17\bin\java.exe
0x00007ffb54810000 - 0x00007ffb54a08000 	C:\Windows\SYSTEM32\ntdll.dll
0x00007ffb52f80000 - 0x00007ffb53042000 	C:\Windows\System32\KERNEL32.DLL
0x00007ffb523a0000 - 0x00007ffb5269e000 	C:\Windows\System32\KERNELBASE.dll
0x00007ffb51af0000 - 0x00007ffb51c3c000 	C:\Windows\system32\hmpalert.dll
0x00007ffb52070000 - 0x00007ffb52170000 	C:\Windows\System32\ucrtbase.dll
0x00007ffb4abd0000 - 0x00007ffb4abe9000 	C:\Program Files\Java\jdk-17\bin\jli.dll
0x00007ffb52eb0000 - 0x00007ffb52f61000 	C:\Windows\System32\ADVAPI32.dll
0x00007ffb4aa20000 - 0x00007ffb4aa3b000 	C:\Program Files\Java\jdk-17\bin\VCRUNTIME140.dll
0x00007ffb530d0000 - 0x00007ffb5316e000 	C:\Windows\System32\msvcrt.dll
0x00007ffb52cb0000 - 0x00007ffb52d4f000 	C:\Windows\System32\sechost.dll
0x00007ffb529f0000 - 0x00007ffb52b13000 	C:\Windows\System32\RPCRT4.dll
0x00007ffb52370000 - 0x00007ffb52397000 	C:\Windows\System32\bcrypt.dll
0x00007ffb52850000 - 0x00007ffb529ed000 	C:\Windows\System32\USER32.dll
0x00007ffb52340000 - 0x00007ffb52362000 	C:\Windows\System32\win32u.dll
0x00007ffb53960000 - 0x00007ffb5398b000 	C:\Windows\System32\GDI32.dll
0x00007ffb51eb0000 - 0x00007ffb51fc7000 	C:\Windows\System32\gdi32full.dll
0x00007ffb51fd0000 - 0x00007ffb5206d000 	C:\Windows\System32\msvcp_win.dll
0x00007ffb31170000 - 0x00007ffb3140a000 	C:\Windows\WinSxS\amd64_microsoft.windows.common-controls_6595b64144ccf1df_6.0.19041.4355_none_60b8b9eb71f62e16\COMCTL32.dll
0x00007ffb4e9c0000 - 0x00007ffb4e9ca000 	C:\Windows\SYSTEM32\VERSION.dll
0x00007ffb52e80000 - 0x00007ffb52eaf000 	C:\Windows\System32\IMM32.DLL
0x00007ffb4c540000 - 0x00007ffb4c54c000 	C:\Program Files\Java\jdk-17\bin\vcruntime140_1.dll
0x00007ffb154f0000 - 0x00007ffb1557e000 	C:\Program Files\Java\jdk-17\bin\msvcp140.dll
0x00007ffaf7690000 - 0x00007ffaf826d000 	C:\Program Files\Java\jdk-17\bin\server\jvm.dll
0x00007ffb52e10000 - 0x00007ffb52e18000 	C:\Windows\System32\PSAPI.DLL
0x00007ffb46110000 - 0x00007ffb46137000 	C:\Windows\SYSTEM32\WINMM.dll
0x00007ffb4af10000 - 0x00007ffb4af19000 	C:\Windows\SYSTEM32\WSOCK32.dll
0x00007ffb534d0000 - 0x00007ffb5353b000 	C:\Windows\System32\WS2_32.dll
0x00007ffb506e0000 - 0x00007ffb506f2000 	C:\Windows\SYSTEM32\kernel.appcore.dll
0x00007ffb4b1c0000 - 0x00007ffb4b1ca000 	C:\Program Files\Java\jdk-17\bin\jimage.dll
0x00007ffb50060000 - 0x00007ffb50244000 	C:\Windows\SYSTEM32\DBGHELP.DLL
0x00007ffb471f0000 - 0x00007ffb47224000 	C:\Windows\SYSTEM32\dbgcore.DLL
0x00007ffb527a0000 - 0x00007ffb52822000 	C:\Windows\System32\bcryptPrimitives.dll
0x00007ffb48890000 - 0x00007ffb4889e000 	C:\Program Files\Java\jdk-17\bin\instrument.dll
0x00007ffb49d80000 - 0x00007ffb49da5000 	C:\Program Files\Java\jdk-17\bin\java.dll
0x00007ffb11810000 - 0x00007ffb118e7000 	C:\Program Files\Java\jdk-17\bin\jsvml.dll
0x00007ffb53a40000 - 0x00007ffb541ad000 	C:\Windows\System32\SHELL32.dll
0x00007ffb4f7e0000 - 0x00007ffb4ff84000 	C:\Windows\SYSTEM32\windows.storage.dll
0x00007ffb53170000 - 0x00007ffb534c3000 	C:\Windows\System32\combase.dll
0x00007ffb51660000 - 0x00007ffb5168e000 	C:\Windows\SYSTEM32\Wldp.dll
0x00007ffb536b0000 - 0x00007ffb5377d000 	C:\Windows\System32\OLEAUT32.dll
0x00007ffb53780000 - 0x00007ffb5382d000 	C:\Windows\System32\SHCORE.dll
0x00007ffb52d50000 - 0x00007ffb52da5000 	C:\Windows\System32\shlwapi.dll
0x00007ffb51de0000 - 0x00007ffb51e04000 	C:\Windows\SYSTEM32\profapi.dll
0x00007ffb49590000 - 0x00007ffb495a8000 	C:\Program Files\Java\jdk-17\bin\zip.dll
0x00007ffb4a7f0000 - 0x00007ffb4a809000 	C:\Program Files\Java\jdk-17\bin\net.dll
0x00007ffb4e260000 - 0x00007ffb4e36d000 	C:\Windows\SYSTEM32\WINHTTP.dll
0x00007ffb51420000 - 0x00007ffb5148a000 	C:\Windows\system32\mswsock.dll
0x00007ffb49d60000 - 0x00007ffb49d76000 	C:\Program Files\Java\jdk-17\bin\nio.dll
0x00007ffb48870000 - 0x00007ffb4888a000 	C:\Program Files\JetBrains\IntelliJ IDEA 2021.2.3\bin\breakgen64.dll
0x00007ffb4aba0000 - 0x00007ffb4abb0000 	C:\Program Files\Java\jdk-17\bin\verify.dll
0x00007ffb516f0000 - 0x00007ffb51708000 	C:\Windows\SYSTEM32\CRYPTSP.dll
0x00007ffb50d00000 - 0x00007ffb50d34000 	C:\Windows\system32\rsaenh.dll
0x00007ffb51da0000 - 0x00007ffb51dce000 	C:\Windows\SYSTEM32\USERENV.dll
0x00007ffb515b0000 - 0x00007ffb515bc000 	C:\Windows\SYSTEM32\CRYPTBASE.dll
0x00007ffb51120000 - 0x00007ffb5115b000 	C:\Windows\SYSTEM32\IPHLPAPI.DLL
0x00007ffb52b20000 - 0x00007ffb52b28000 	C:\Windows\System32\NSI.dll
0x00007ffb4e210000 - 0x00007ffb4e227000 	C:\Windows\SYSTEM32\dhcpcsvc6.DLL
0x00007ffb4e110000 - 0x00007ffb4e12d000 	C:\Windows\SYSTEM32\dhcpcsvc.DLL
0x00007ffb51170000 - 0x00007ffb5123a000 	C:\Windows\SYSTEM32\DNSAPI.dll
0x00007ffb489c0000 - 0x00007ffb489cd000 	C:\Program Files\Java\jdk-17\bin\sunmscapi.dll
0x00007ffb52170000 - 0x00007ffb522cc000 	C:\Windows\System32\CRYPT32.dll
0x00007ffb517e0000 - 0x00007ffb51807000 	C:\Windows\SYSTEM32\ncrypt.dll
0x00007ffb51760000 - 0x00007ffb5179b000 	C:\Windows\SYSTEM32\NTASN1.dll
0x00007ffb49a80000 - 0x00007ffb49a8a000 	C:\Program Files\Java\jdk-17\bin\management.dll
0x00007ffb49580000 - 0x00007ffb4958b000 	C:\Program Files\Java\jdk-17\bin\management_ext.dll

dbghelp: loaded successfully - version: 4.0.5 - missing functions: none
symbol engine: initialized successfully - sym options: 0x614 - pdb path: .;C:\Program Files\Java\jdk-17\bin;C:\Windows\SYSTEM32;C:\Windows\WinSxS\amd64_microsoft.windows.common-controls_6595b64144ccf1df_6.0.19041.4355_none_60b8b9eb71f62e16;C:\Program Files\Java\jdk-17\bin\server;C:\Program Files\JetBrains\IntelliJ IDEA 2021.2.3\bin

VM Arguments:
jvm_args: -ea -Didea.test.cyclic.buffer.size=1048576 -javaagent:C:\Program Files\JetBrains\IntelliJ IDEA 2021.2.3\lib\idea_rt.jar=62772:C:\Program Files\JetBrains\IntelliJ IDEA 2021.2.3\bin -Dfile.encoding=UTF-8 
java_command: com.intellij.rt.junit.JUnitStarter -ideVersion5 -junit5 @w@C:\Users\ouit0196-a\AppData\Local\Temp\idea_working_dirs_junit.tmp @C:\Users\ouit0196-a\AppData\Local\Temp\idea_junit.tmp -socket62771
java_class_path (initial): C:\Users\ouit0196-a\.m2\repository\org\junit\platform\junit-platform-launcher\1.10.3\junit-platform-launcher-1.10.3.jar;C:\Users\ouit0196-a\.m2\repository\org\junit\vintage\junit-vintage-engine\5.10.3\junit-vintage-engine-5.10.3.jar;C:\Program Files\JetBrains\IntelliJ IDEA 2021.2.3\lib\idea_rt.jar;C:\Program Files\JetBrains\IntelliJ IDEA 2021.2.3\plugins\junit\lib\junit5-rt.jar;C:\Program Files\JetBrains\IntelliJ IDEA 2021.2.3\plugins\junit\lib\junit-rt.jar;C:\Users\ouit0196-a\prog\tool-support\tool-support\target\test-classes;C:\Users\ouit0196-a\prog\tool-support\tool-support\target\classes;C:\Users\ouit0196-a\.m2\repository\uk\ac\ox\ctl\canvas-spring-oauth2\1.0\canvas-spring-oauth2-1.0.jar;C:\Users\ouit0196-a\.m2\repository\org\springframework\security\spring-security-oauth2-client\6.2.6\spring-security-oauth2-client-6.2.6.jar;C:\Users\ouit0196-a\.m2\repository\org\springframework\security\spring-security-oauth2-core\6.2.6\spring-security-oauth2-core-6.2.6.jar;C:\Users\ouit0196-a\.m2\repository\com\nimbusds\oauth2-oidc-sdk\9.43.4\oauth2-oidc-sdk-9.43.4.jar;C:\Users\ouit0196-a\.m2\repository\com\github\stephenc\jcip\jcip-annotations\1.0-1\jcip-annotations-1.0-1.jar;C:\Users\ouit0196-a\.m2\repository\com\nimbusds\content-type\2.2\content-type-2.2.jar;C:\Users\ouit0196-a\.m2\repository\com\nimbusds\lang-tag\1.7\lang-tag-1.7.jar;C:\Users\ouit0196-a\.m2\repository\org\springframework\spring-web\6.1.12\spring-web-6.1.12.jar;C:\Users\ouit0196-a\.m2\repository\org\springframework\spring-beans\6.1.12\spring-beans-6.1.12.jar;C:\Users\ouit0196-a\.m2\repository\com\google\code\findbugs\annotations\3.0.1\annotations-3.0.1.jar;C:\Users\ouit0196-a\.m2\repository\net\jcip\jcip-annotations\1.0\jcip-annotations-1.0.jar;C:\Users\ouit0196-a\.m2\repository\org\springframework\boot\spring-boot-starter-oauth2-client\3.2.9\spring-boot-starter-oauth2-client-3.2.9.jar;C:\Users\ouit0196-a\.m2\repository\org\springframework\boot\spring-boot-starter\3.2.9\spring-b
Launcher Type: SUN_STANDARD

[Global flags]
     intx CICompilerCount                          = 4                                         {product} {ergonomic}
     uint ConcGCThreads                            = 2                                         {product} {ergonomic}
     uint G1ConcRefinementThreads                  = 8                                         {product} {ergonomic}
   size_t G1HeapRegionSize                         = 2097152                                   {product} {ergonomic}
    uintx GCDrainStackTargetSize                   = 64                                        {product} {ergonomic}
   size_t InitialHeapSize                          = 264241152                                 {product} {ergonomic}
   size_t MarkStackSize                            = 4194304                                   {product} {ergonomic}
   size_t MaxHeapSize                              = 4223664128                                {product} {ergonomic}
   size_t MaxNewSize                               = 2533359616                                {product} {ergonomic}
   size_t MinHeapDeltaBytes                        = 2097152                                   {product} {ergonomic}
   size_t MinHeapSize                              = 8388608                                   {product} {ergonomic}
    uintx NonNMethodCodeHeapSize                   = 5839372                                {pd product} {ergonomic}
    uintx NonProfiledCodeHeapSize                  = 122909434                              {pd product} {ergonomic}
    uintx ProfiledCodeHeapSize                     = 122909434                              {pd product} {ergonomic}
    uintx ReservedCodeCacheSize                    = 251658240                              {pd product} {ergonomic}
     bool SegmentedCodeCache                       = true                                      {product} {ergonomic}
   size_t SoftMaxHeapSize                          = 4223664128                             {manageable} {ergonomic}
     bool UseCompressedClassPointers               = true                           {product lp64_product} {ergonomic}
     bool UseCompressedOops                        = true                           {product lp64_product} {ergonomic}
     bool UseG1GC                                  = true                                      {product} {ergonomic}
     bool UseLargePagesIndividualAllocation        = false                                  {pd product} {ergonomic}

Logging:
Log output configuration:
 #0: stdout all=warning uptime,level,tags
 #1: stderr all=off uptime,level,tags

Environment Variables:
JAVA_HOME=C:\Program Files (x86)\Java\jre1.8.0_331
PATH=C:\Program Files\Common Files\Oracle\Java\javapath;C:\Program Files (x86)\Common Files\Oracle\Java\javapath;C:\Windows\system32;C:\Windows;C:\Windows\System32\Wbem;C:\Windows\System32\WindowsPowerShell\v1.0\;C:\Windows\System32\OpenSSH\;C:\Program Files\dotnet\;C:\Program Files\Git\cmd;C:\Program Files\Amazon\AWSCLIV2\;C:\ProgramData\chocolatey\bin;C:\Users\ouit0196-a\apache-maven-3.8.8-bin\apache-maven-3.8.8\bin;C:\Program Files\Amazon\SessionManagerPlugin\bin\;C:\Program Files\MySQL\MySQL Shell 8.0\bin\;C:\Users\ouit0196-a\scoop\shims;C:\Users\ouit0196-a\AppData\Local\Microsoft\WindowsApps
USERNAME=ouit0196-a
OS=Windows_NT
PROCESSOR_IDENTIFIER=Intel64 Family 6 Model 140 Stepping 1, GenuineIntel



---------------  S Y S T E M  ---------------

OS:
 Windows 10 , 64 bit Build 19041 (10.0.19041.5072)
OS uptime: 1 days 1:09 hours
Hyper-V role detected

CPU: total 8 (initial active 8) (4 cores per cpu, 2 threads per core) family 6 model 140 stepping 1 microcode 0xa4, cx8, cmov, fxsr, ht, mmx, 3dnowpref, sse, sse2, sse3, ssse3, sse4.1, sse4.2, popcnt, lzcnt, tsc, tscinvbit, avx, avx2, aes, erms, clmul, bmi1, bmi2, adx, avx512f, avx512dq, avx512cd, avx512bw, avx512vl, sha, fma, vzeroupper, avx512_vpopcntdq, avx512_vpclmulqdq, avx512_vaes, avx512_vnni, clflush, clflushopt, clwb, avx512_vbmi2, avx512_vbmi, hv

Memory: 4k page, system-wide physical 16106M (1024M free)
TotalPageFile size 27217M (AvailPageFile size 4M)
current process WorkingSet (physical memory assigned to process): 333M, peak: 353M
current process commit charge ("private bytes"): 375M, peak: 436M

vm_info: Java HotSpot(TM) 64-Bit Server VM (17.0.7+8-LTS-224) for windows-amd64 JRE (17.0.7+8-LTS-224), built on Feb 28 2023 23:03:02 by "mach5one" with MS VC++ 17.1 (VS2022)

END.
